[debug] [2019-02-25T14:51:03.598Z] ----------------------------------------------------------------------
[debug] [2019-02-25T14:51:03.608Z] Command:       C:\Program Files\nodejs\node.exe C:\Users\nthin\AppData\Roaming\npm\node_modules\firebase-tools\lib\bin\firebase.js init
[debug] [2019-02-25T14:51:03.609Z] CLI Version:   6.4.0
[debug] [2019-02-25T14:51:03.609Z] Platform:      win32
[debug] [2019-02-25T14:51:03.609Z] Node Version:  v11.10.0
[debug] [2019-02-25T14:51:03.612Z] Time:          Mon Feb 25 2019 21:51:03 GMT+0700 (Western Indonesia Time)
[debug] [2019-02-25T14:51:03.612Z] ----------------------------------------------------------------------
[debug] 
[debug] [2019-02-25T14:51:03.635Z] > command requires scopes: ["email","openid","https://www.googleapis.com/auth/cloudplatformprojects.readonly","https://www.googleapis.com/auth/firebase","https://www.googleapis.com/auth/cloud-platform"]
[debug] [2019-02-25T14:51:03.637Z] > authorizing via signed-in user
[info] 
     ######## #### ########  ######## ########     ###     ######  ########
     ##        ##  ##     ## ##       ##     ##  ##   ##  ##       ##
     ######    ##  ########  ######   ########  #########  ######  ######
     ##        ##  ##    ##  ##       ##     ## ##     ##       ## ##
     ##       #### ##     ## ######## ########  ##     ##  ######  ########

You're about to initialize a Firebase project in this directory:

  C:\Users\nthin\cv-webpro

[info] 
=== Project Setup
[info] 
[info] First, let's associate this project directory with a Firebase project.
[info] You can create multiple project aliases by running firebase use --add, 
[info] but for now we'll just set up a default project.
[info] 
[debug] [2019-02-25T14:51:14.338Z] >>> HTTP REQUEST GET https://firebase.googleapis.com/v1beta1/projects?page_size=100  
 
[debug] [2019-02-25T14:51:15.157Z] <<< HTTP RESPONSE 200
